<?xml version="1.0" encoding="UTF-8"?>
<!-- Generated by org.testng.reporters.JUnitReportReporter -->
<testsuite hostname="HJNZL001956" failures="0" tests="1" name="test.wordPressLogin" time="6.362" errors="0" timestamp="2021-11-19T19:45:39 IST" skipped="0">
  <testcase classname="test.wordPressLogin" name="aloginWithCorrectCredentials" time="6.362"/>
  <system-out/>
</testsuite> <!-- test.wordPressLogin -->
