<?xml version="1.0" encoding="UTF-8"?>
<!-- Generated by org.testng.reporters.JUnitReportReporter -->
<testsuite hostname="HJNZL002046" failures="0" tests="1" name="test.LoginTestWithCorrectCredentials" time="81.598" errors="0" timestamp="2021-11-21T11:37:03 IST" skipped="0">
  <testcase classname="test.LoginTestWithCorrectCredentials" name="aloginWithCorrectCredentials" time="81.598"/>
  <system-out/>
</testsuite> <!-- test.LoginTestWithCorrectCredentials -->
