<?xml version="1.0" encoding="UTF-8"?>
<!-- Generated by org.testng.reporters.JUnitReportReporter -->
<testsuite hostname="HJNZL002046" failures="0" tests="1" name="test.WordPress" time="30.520" errors="0" timestamp="2021-11-22T13:10:51 IST" skipped="0">
  <testcase classname="test.WordPress" name="eWordPressPosts" time="30.520"/>
  <system-out/>
</testsuite> <!-- test.WordPress -->
