<?xml version="1.0" encoding="UTF-8"?>
<!-- Generated by org.testng.reporters.JUnitReportReporter -->
<testsuite hostname="HJNZL002046" failures="0" tests="1" name="test.loginAndpost" time="2.888" errors="0" timestamp="2021-11-15T17:17:31 IST" skipped="0">
  <testcase classname="test.loginAndpost" name="TestLogin" time="2.888"/>
  <system-out/>
</testsuite> <!-- test.loginAndpost -->
