<?xml version="1.0" encoding="UTF-8"?>
<!-- Generated by org.testng.reporters.JUnitReportReporter -->
<testsuite hostname="HJNZL002046" failures="0" tests="2" name="test.WordPress" time="8.985" errors="0" timestamp="2021-11-15T18:13:05 IST" skipped="0">
  <testcase classname="test.WordPress" name="TestLogin" time="3.004"/>
  <system-out/>
  <testcase classname="test.WordPress" name="TestMedia" time="5.981"/>
  <system-out/>
</testsuite> <!-- test.WordPress -->
